Using pre-set license
Built from '2020.3/staging' branch; Version is '2020.3.4f1 (0abb6314276a) revision 703331'; Using compiler version '192528614'; Build Type 'Release'
OS: 'Windows 10 Home Single Language; OS build 19042.1110; Version 2009; 64bit' Language: 'ru' Physical Memory: 15741 MB
BatchMode: 1, IsHumanControllingUs: 0, StartBugReporterOnCrash: 0, Is64bit: 1, IsPro: 0

 COMMAND LINE ARGUMENTS:
C:\Program Files\Unity\Hub\Editor\2020.3.4f1\Editor\Unity.exe
-adb2
-batchMode
-noUpm
-name
AssetImportWorker0
-projectPath
D:/UnityProjects/MobileInfinityFury
-logFile
Logs/AssetImportWorker0.log
-srvPort
58074
Successfully changed project path to: D:/UnityProjects/MobileInfinityFury
D:/UnityProjects/MobileInfinityFury
Using Asset Import Pipeline V2.
Refreshing native plugins compatible for Editor in 304.14 ms, found 1 plugins.
Preloading 0 native plugins for Editor in 0.00 ms.
Initialize engine version: 2020.3.4f1 (0abb6314276a)
[Subsystems] Discovering subsystems at path C:/Program Files/Unity/Hub/Editor/2020.3.4f1/Editor/Data/Resources/UnitySubsystems
[Subsystems] Discovering subsystems at path D:/UnityProjects/MobileInfinityFury/Assets
GfxDevice: creating device client; threaded=0
Direct3D:
    Version:  Direct3D 11.0 [level 11.1]
    Renderer: AMD Radeon(TM) Graphics (ID=0x1636)
    Vendor:   
    VRAM:     7870 MB
    Driver:   27.20.11022.14001
Shader 'Universal Render Pipeline/Particles/Lit': fallback shader 'Universal Render Pipeline/Particles/SimpleLit' not found
Shader 'Mirza Beig/Standard/Terrain Rain': dependency 'BaseMapShader' shader 'ASESampleShaders/SimpleTerrainBase' not found
Shader 'Mirza Beig/Standard/Terrain Rain 2': dependency 'BaseMapShader' shader 'ASESampleShaders/SimpleTerrainBase' not found
Initialize mono
Mono path[0] = 'C:/Program Files/Unity/Hub/Editor/2020.3.4f1/Editor/Data/Managed'
Mono path[1] = 'C:/Program Files/Unity/Hub/Editor/2020.3.4f1/Editor/Data/MonoBleedingEdge/lib/mono/unityjit'
Mono config path = 'C:/Program Files/Unity/Hub/Editor/2020.3.4f1/Editor/Data/MonoBleedingEdge/etc'
Using monoOptions --debugger-agent=transport=dt_socket,embedding=1,server=y,suspend=n,address=127.0.0.1:56408
Begin MonoManager ReloadAssembly
Registering precompiled unity dll's ...
Register platform support module: C:/Program Files/Unity/Hub/Editor/2020.3.4f1/Editor/Data/PlaybackEngines/WindowsStandaloneSupport/UnityEditor.WindowsStandalone.Extensions.dll
Registered in 0.002664 seconds.
Native extension for WindowsStandalone target not found
Refreshing native plugins compatible for Editor in 196.87 ms, found 1 plugins.
Preloading 0 native plugins for Editor in 0.00 ms.
Mono: successfully reloaded assembly
- Completed reload, in  3.513 seconds
Platform modules already initialized, skipping
Registering precompiled user dll's ...
Registered in 0.007737 seconds.
Begin MonoManager ReloadAssembly
Native extension for WindowsStandalone target not found
Refreshing native plugins compatible for Editor in 244.74 ms, found 1 plugins.
Preloading 0 native plugins for Editor in 0.00 ms.
Mono: successfully reloaded assembly
- Completed reload, in  2.166 seconds
Platform modules already initialized, skipping
========================================================================
Worker process is ready to serve import requests
Shader 'Mirza Beig/Standard/Terrain Rain 2': dependency 'BaseMapShader' shader 'ASESampleShaders/SimpleTerrainBase' not found
Shader 'Mirza Beig/Standard/Terrain Rain': dependency 'BaseMapShader' shader 'ASESampleShaders/SimpleTerrainBase' not found
Shader 'Universal Render Pipeline/Particles/Lit': fallback shader 'Universal Render Pipeline/Particles/SimpleLit' not found
Launched and connected shader compiler UnityShaderCompiler.exe after 0.08 seconds
Refreshing native plugins compatible for Editor in 1.37 ms, found 1 plugins.
Preloading 0 native plugins for Editor in 0.00 ms.
Unloading 3993 Unused Serialized files (Serialized files now loaded: 0)
System memory in use before: 175.8 MB.
System memory in use after: 176.0 MB.

Unloading 46 unused Assets to reduce memory usage. Loaded Objects now: 4443.
Total: 4.410300 ms (FindLiveObjects: 0.618100 ms CreateObjectMapping: 0.519200 ms MarkObjects: 3.166300 ms  DeleteObjects: 0.104300 ms)

========================================================================
Received Import Request.
  path: Assets/Sprites/MainShip/skin-1-2 1.png
  artifactKey: Guid(1d60ce606c8c7174584db5c784e273a7) Importer(815301076,1909f56bfc062723c751e8b465ee728b)
Start importing Assets/Sprites/MainShip/skin-1-2 1.png using Guid(1d60ce606c8c7174584db5c784e273a7) Importer(815301076,1909f56bfc062723c751e8b465ee728b)  -> (artifact id: '26dc393d51789524808cc37ef9665cc3') in 0.130484 seconds
  Import took 0.142372 seconds .

========================================================================
Received Import Request.
  Time since last request: 24.369964 seconds.
  path: Assets/Sprites/MainShip/skin-1-2 1.png
  artifactKey: Guid(1d60ce606c8c7174584db5c784e273a7) Importer(815301076,1909f56bfc062723c751e8b465ee728b)
Start importing Assets/Sprites/MainShip/skin-1-2 1.png using Guid(1d60ce606c8c7174584db5c784e273a7) Importer(815301076,1909f56bfc062723c751e8b465ee728b)  -> (artifact id: 'fd8c333c5c049bd48dca85e7f08f122c') in 0.025474 seconds
  Import took 0.042730 seconds .

========================================================================
Received Import Request.
  Time since last request: 35.310507 seconds.
  path: Assets/Sprites/MainShip/skin-1-101.png
  artifactKey: Guid(6eb5c411776640846be473cc87d78c77) Importer(815301076,1909f56bfc062723c751e8b465ee728b)
Start importing Assets/Sprites/MainShip/skin-1-101.png using Guid(6eb5c411776640846be473cc87d78c77) Importer(815301076,1909f56bfc062723c751e8b465ee728b)  -> (artifact id: '21c789931e7a93fde58e99da4c26a8cf') in 0.032879 seconds
  Import took 0.059843 seconds .

========================================================================
Received Import Request.
  Time since last request: 10.160904 seconds.
  path: Assets/Sprites/MainShip/skin-1-101.png
  artifactKey: Guid(6eb5c411776640846be473cc87d78c77) Importer(815301076,1909f56bfc062723c751e8b465ee728b)
Start importing Assets/Sprites/MainShip/skin-1-101.png using Guid(6eb5c411776640846be473cc87d78c77) Importer(815301076,1909f56bfc062723c751e8b465ee728b)  -> (artifact id: '3a4f75af4854c17fdd90ce97129d3b29') in 0.045619 seconds
  Import took 0.068159 seconds .

========================================================================
Received Import Request.
  Time since last request: 0.000789 seconds.
  path: Assets/Sprites/MainShip/skin-1-101.png
  artifactKey: Guid(6eb5c411776640846be473cc87d78c77) Importer(815301076,1909f56bfc062723c751e8b465ee728b)
Start importing Assets/Sprites/MainShip/skin-1-101.png using Guid(6eb5c411776640846be473cc87d78c77) Importer(815301076,1909f56bfc062723c751e8b465ee728b)  -> (artifact id: '3a4f75af4854c17fdd90ce97129d3b29') in 0.030095 seconds
  Import took 0.049227 seconds .

========================================================================
Received Import Request.
  Time since last request: 57.952249 seconds.
  path: Assets/Sprites/MainShip/skin-2-1 1.png
  artifactKey: Guid(c71de558dc4d57b4f91c7aac69d0d4bb) Importer(815301076,1909f56bfc062723c751e8b465ee728b)
Start importing Assets/Sprites/MainShip/skin-2-1 1.png using Guid(c71de558dc4d57b4f91c7aac69d0d4bb) Importer(815301076,1909f56bfc062723c751e8b465ee728b)  -> (artifact id: '1f2b09e5d67499c0f15d37982b1a0dac') in 0.032749 seconds
  Import took 0.051373 seconds .

========================================================================
Received Import Request.
  Time since last request: 10.390614 seconds.
  path: Assets/Sprites/MainShip/skin-2-1 1.png
  artifactKey: Guid(c71de558dc4d57b4f91c7aac69d0d4bb) Importer(815301076,1909f56bfc062723c751e8b465ee728b)
Start importing Assets/Sprites/MainShip/skin-2-1 1.png using Guid(c71de558dc4d57b4f91c7aac69d0d4bb) Importer(815301076,1909f56bfc062723c751e8b465ee728b)  -> (artifact id: '347ffa070305b66ad710771bf1b52934') in 0.037769 seconds
  Import took 0.054470 seconds .

========================================================================
Received Import Request.
  Time since last request: 142.071964 seconds.
  path: Assets/Sprites/MainShip/skin-2-2 1.png
  artifactKey: Guid(e56497d3ab368f54fbfa71a15182f7db) Importer(815301076,1909f56bfc062723c751e8b465ee728b)
Start importing Assets/Sprites/MainShip/skin-2-2 1.png using Guid(e56497d3ab368f54fbfa71a15182f7db) Importer(815301076,1909f56bfc062723c751e8b465ee728b)  -> (artifact id: '1f5df1be389b767c48a018da11ff9876') in 0.036709 seconds
  Import took 0.049101 seconds .

========================================================================
Received Import Request.
  Time since last request: 0.000783 seconds.
  path: Assets/Sprites/MainShip/skin-7-2 1.png
  artifactKey: Guid(ea3785aa7be9e06429f9c9a29011c6f6) Importer(815301076,1909f56bfc062723c751e8b465ee728b)
Start importing Assets/Sprites/MainShip/skin-7-2 1.png using Guid(ea3785aa7be9e06429f9c9a29011c6f6) Importer(815301076,1909f56bfc062723c751e8b465ee728b)  -> (artifact id: '41731fcebbf2bf6b619e1e24bb3ce27e') in 0.026232 seconds
  Import took 0.037643 seconds .

========================================================================
Received Import Request.
  Time since last request: 0.000311 seconds.
  path: Assets/Sprites/MainShip/skin-8-1 1.png
  artifactKey: Guid(95f8f61756cbe2c4b885df9c32617850) Importer(815301076,1909f56bfc062723c751e8b465ee728b)
Start importing Assets/Sprites/MainShip/skin-8-1 1.png using Guid(95f8f61756cbe2c4b885df9c32617850) Importer(815301076,1909f56bfc062723c751e8b465ee728b)  -> (artifact id: 'e1dc6d1d772686cadad9df0e98ad0be6') in 0.023239 seconds
  Import took 0.038617 seconds .

========================================================================
Received Import Request.
  Time since last request: 0.000308 seconds.
  path: Assets/Sprites/MainShip/skin-5-1 1.png
  artifactKey: Guid(424f08ef7819e734ba78a0d9865003d6) Importer(815301076,1909f56bfc062723c751e8b465ee728b)
Start importing Assets/Sprites/MainShip/skin-5-1 1.png using Guid(424f08ef7819e734ba78a0d9865003d6) Importer(815301076,1909f56bfc062723c751e8b465ee728b)  -> (artifact id: 'a4324575e0fc35cbab939e8a4a292001') in 0.026492 seconds
  Import took 0.040367 seconds .

========================================================================
Received Import Request.
  Time since last request: 0.000474 seconds.
  path: Assets/Sprites/MainShip/skin-6-1 1.png
  artifactKey: Guid(170cbce1b79fcb94f9510f52eb5179f3) Importer(815301076,1909f56bfc062723c751e8b465ee728b)
Start importing Assets/Sprites/MainShip/skin-6-1 1.png using Guid(170cbce1b79fcb94f9510f52eb5179f3) Importer(815301076,1909f56bfc062723c751e8b465ee728b)  -> (artifact id: '41db344513aa1309e9d67bb156f9e9ed') in 0.020865 seconds
  Import took 0.029960 seconds .

========================================================================
Received Import Request.
  Time since last request: 0.000288 seconds.
  path: Assets/Sprites/MainShip/skin-4-2 1.png
  artifactKey: Guid(3d073624f5316f94791a7553df24d5f2) Importer(815301076,1909f56bfc062723c751e8b465ee728b)
Start importing Assets/Sprites/MainShip/skin-4-2 1.png using Guid(3d073624f5316f94791a7553df24d5f2) Importer(815301076,1909f56bfc062723c751e8b465ee728b)  -> (artifact id: '10900a4c60056965c2e4c28f1833ee41') in 0.020810 seconds
  Import took 0.031582 seconds .

========================================================================
Received Import Request.
  Time since last request: 0.000357 seconds.
  path: Assets/Sprites/MainShip/skin-3-2 1.png
  artifactKey: Guid(47c9c66135e2c2a428ba7a67d72e5755) Importer(815301076,1909f56bfc062723c751e8b465ee728b)
Start importing Assets/Sprites/MainShip/skin-3-2 1.png using Guid(47c9c66135e2c2a428ba7a67d72e5755) Importer(815301076,1909f56bfc062723c751e8b465ee728b)  -> (artifact id: '361ba303649f25c4164a404734712daa') in 0.020230 seconds
  Import took 0.030719 seconds .

========================================================================
Received Import Request.
  Time since last request: 0.000337 seconds.
  path: Assets/Sprites/MainShip/skin-5-2 1.png
  artifactKey: Guid(e34e8b1ec625b494695c50163a112f17) Importer(815301076,1909f56bfc062723c751e8b465ee728b)
Start importing Assets/Sprites/MainShip/skin-5-2 1.png using Guid(e34e8b1ec625b494695c50163a112f17) Importer(815301076,1909f56bfc062723c751e8b465ee728b)  -> (artifact id: 'f6d3285abd9d86a2901cbaf6f4b48bfc') in 0.017963 seconds
  Import took 0.028530 seconds .

========================================================================
Received Import Request.
  Time since last request: 0.000272 seconds.
  path: Assets/Sprites/MainShip/skin-8-2 1.png
  artifactKey: Guid(7627bf4ac20bfc84cb08765fed26b806) Importer(815301076,1909f56bfc062723c751e8b465ee728b)
Start importing Assets/Sprites/MainShip/skin-8-2 1.png using Guid(7627bf4ac20bfc84cb08765fed26b806) Importer(815301076,1909f56bfc062723c751e8b465ee728b)  -> (artifact id: '96b10073d4ff1d9c04f86bf246fec9e2') in 0.018216 seconds
  Import took 0.028291 seconds .

========================================================================
Received Import Request.
  Time since last request: 0.000255 seconds.
  path: Assets/Sprites/MainShip/skin-4-1 1.png
  artifactKey: Guid(d24afc72717a5eb4f8c8a439ca00944a) Importer(815301076,1909f56bfc062723c751e8b465ee728b)
Start importing Assets/Sprites/MainShip/skin-4-1 1.png using Guid(d24afc72717a5eb4f8c8a439ca00944a) Importer(815301076,1909f56bfc062723c751e8b465ee728b)  -> (artifact id: 'd2cbef390238c9f3fdbdd22d97e0df97') in 0.018247 seconds
  Import took 0.028480 seconds .

========================================================================
Received Import Request.
  Time since last request: 0.000466 seconds.
  path: Assets/Sprites/MainShip/skin-7-1 1.png
  artifactKey: Guid(6cdf58476f05d5b4f85066570acee655) Importer(815301076,1909f56bfc062723c751e8b465ee728b)
Start importing Assets/Sprites/MainShip/skin-7-1 1.png using Guid(6cdf58476f05d5b4f85066570acee655) Importer(815301076,1909f56bfc062723c751e8b465ee728b)  -> (artifact id: '8280911a6223d837b6f0b8982786a35c') in 0.020293 seconds
  Import took 0.029989 seconds .

========================================================================
Received Import Request.
  Time since last request: 0.000261 seconds.
  path: Assets/Sprites/MainShip/skin-3-1 1.png
  artifactKey: Guid(7ed25368d33714d47b885cdffd5d958a) Importer(815301076,1909f56bfc062723c751e8b465ee728b)
Start importing Assets/Sprites/MainShip/skin-3-1 1.png using Guid(7ed25368d33714d47b885cdffd5d958a) Importer(815301076,1909f56bfc062723c751e8b465ee728b)  -> (artifact id: '2645c14af70a905866dc440b7099d3df') in 0.016714 seconds
  Import took 0.025534 seconds .

========================================================================
Received Import Request.
  Time since last request: 0.000307 seconds.
  path: Assets/Sprites/MainShip/skin-6-2 1.png
  artifactKey: Guid(f3027134c9bc67540a9f541b87e49956) Importer(815301076,1909f56bfc062723c751e8b465ee728b)
Start importing Assets/Sprites/MainShip/skin-6-2 1.png using Guid(f3027134c9bc67540a9f541b87e49956) Importer(815301076,1909f56bfc062723c751e8b465ee728b)  -> (artifact id: '3ed6512e05d0af5323027caa4688fc25') in 0.019077 seconds
  Import took 0.028969 seconds .

========================================================================
Received Import Request.
  Time since last request: 13.604964 seconds.
  path: Assets/Sprites/MainShip/skin-2-2 1.png
  artifactKey: Guid(e56497d3ab368f54fbfa71a15182f7db) Importer(815301076,1909f56bfc062723c751e8b465ee728b)
Start importing Assets/Sprites/MainShip/skin-2-2 1.png using Guid(e56497d3ab368f54fbfa71a15182f7db) Importer(815301076,1909f56bfc062723c751e8b465ee728b)  -> (artifact id: '039b09fe9cc2907b6b4b2998149786ec') in 0.024317 seconds
  Import took 0.042821 seconds .

========================================================================
Received Import Request.
  Time since last request: 7.644553 seconds.
  path: Assets/Sprites/MainShip/skin-3-1 1.png
  artifactKey: Guid(7ed25368d33714d47b885cdffd5d958a) Importer(815301076,1909f56bfc062723c751e8b465ee728b)
Start importing Assets/Sprites/MainShip/skin-3-1 1.png using Guid(7ed25368d33714d47b885cdffd5d958a) Importer(815301076,1909f56bfc062723c751e8b465ee728b)  -> (artifact id: 'ec8902fbe6b1b0cd4e66834c105bed71') in 0.055814 seconds
  Import took 0.070510 seconds .

========================================================================
Received Import Request.
  Time since last request: 7.680551 seconds.
  path: Assets/Sprites/MainShip/skin-3-2 1.png
  artifactKey: Guid(47c9c66135e2c2a428ba7a67d72e5755) Importer(815301076,1909f56bfc062723c751e8b465ee728b)
Start importing Assets/Sprites/MainShip/skin-3-2 1.png using Guid(47c9c66135e2c2a428ba7a67d72e5755) Importer(815301076,1909f56bfc062723c751e8b465ee728b)  -> (artifact id: '5b02b0c4f02d925e4ee064b2a48eb24e') in 0.028874 seconds
  Import took 0.046580 seconds .

========================================================================
Received Import Request.
  Time since last request: 0.001645 seconds.
  path: Assets/Sprites/MainShip/skin-3-2 1.png
  artifactKey: Guid(47c9c66135e2c2a428ba7a67d72e5755) Importer(815301076,1909f56bfc062723c751e8b465ee728b)
Start importing Assets/Sprites/MainShip/skin-3-2 1.png using Guid(47c9c66135e2c2a428ba7a67d72e5755) Importer(815301076,1909f56bfc062723c751e8b465ee728b)  -> (artifact id: '5b02b0c4f02d925e4ee064b2a48eb24e') in 0.026348 seconds
  Import took 0.039904 seconds .

========================================================================
Received Import Request.
  Time since last request: 3.746932 seconds.
  path: Assets/Sprites/MainShip/skin-4-1 1.png
  artifactKey: Guid(d24afc72717a5eb4f8c8a439ca00944a) Importer(815301076,1909f56bfc062723c751e8b465ee728b)
Start importing Assets/Sprites/MainShip/skin-4-1 1.png using Guid(d24afc72717a5eb4f8c8a439ca00944a) Importer(815301076,1909f56bfc062723c751e8b465ee728b)  -> (artifact id: 'b2ee99244c730d838bb66a2ceed46cbe') in 0.026856 seconds
  Import took 0.043818 seconds .

========================================================================
Received Import Request.
  Time since last request: 2.638039 seconds.
  path: Assets/Sprites/MainShip/skin-4-2 1.png
  artifactKey: Guid(3d073624f5316f94791a7553df24d5f2) Importer(815301076,1909f56bfc062723c751e8b465ee728b)
Start importing Assets/Sprites/MainShip/skin-4-2 1.png using Guid(3d073624f5316f94791a7553df24d5f2) Importer(815301076,1909f56bfc062723c751e8b465ee728b)  -> (artifact id: '7efea16b5deb76c2d76197fc4ac3160c') in 0.028097 seconds
  Import took 0.044648 seconds .

========================================================================
Received Import Request.
  Time since last request: 2.813952 seconds.
  path: Assets/Sprites/MainShip/skin-5-1 1.png
  artifactKey: Guid(424f08ef7819e734ba78a0d9865003d6) Importer(815301076,1909f56bfc062723c751e8b465ee728b)
Start importing Assets/Sprites/MainShip/skin-5-1 1.png using Guid(424f08ef7819e734ba78a0d9865003d6) Importer(815301076,1909f56bfc062723c751e8b465ee728b)  -> (artifact id: '75dad8d039d1bf118ca7d258b56c36f8') in 0.053194 seconds
  Import took 0.069882 seconds .

========================================================================
Received Import Request.
  Time since last request: 4.504242 seconds.
  path: Assets/Sprites/MainShip/skin-5-2 1.png
  artifactKey: Guid(e34e8b1ec625b494695c50163a112f17) Importer(815301076,1909f56bfc062723c751e8b465ee728b)
Start importing Assets/Sprites/MainShip/skin-5-2 1.png using Guid(e34e8b1ec625b494695c50163a112f17) Importer(815301076,1909f56bfc062723c751e8b465ee728b)  -> (artifact id: 'b7d638bfca3c50ca332d581643cf9804') in 0.033093 seconds
  Import took 0.052158 seconds .

========================================================================
Received Import Request.
  Time since last request: 2.805414 seconds.
  path: Assets/Sprites/MainShip/skin-6-1 1.png
  artifactKey: Guid(170cbce1b79fcb94f9510f52eb5179f3) Importer(815301076,1909f56bfc062723c751e8b465ee728b)
Start importing Assets/Sprites/MainShip/skin-6-1 1.png using Guid(170cbce1b79fcb94f9510f52eb5179f3) Importer(815301076,1909f56bfc062723c751e8b465ee728b)  -> (artifact id: '7e300a598f9ebbd8c0368481b5fc2f0f') in 0.031601 seconds
  Import took 0.049495 seconds .

========================================================================
Received Import Request.
  Time since last request: 2.960125 seconds.
  path: Assets/Sprites/MainShip/skin-6-2 1.png
  artifactKey: Guid(f3027134c9bc67540a9f541b87e49956) Importer(815301076,1909f56bfc062723c751e8b465ee728b)
Start importing Assets/Sprites/MainShip/skin-6-2 1.png using Guid(f3027134c9bc67540a9f541b87e49956) Importer(815301076,1909f56bfc062723c751e8b465ee728b)  -> (artifact id: 'cd4524030344f2101cbace4b5296de23') in 0.029840 seconds
  Import took 0.048654 seconds .

========================================================================
Received Import Request.
  Time since last request: 2.985268 seconds.
  path: Assets/Sprites/MainShip/skin-7-1 1.png
  artifactKey: Guid(6cdf58476f05d5b4f85066570acee655) Importer(815301076,1909f56bfc062723c751e8b465ee728b)
Start importing Assets/Sprites/MainShip/skin-7-1 1.png using Guid(6cdf58476f05d5b4f85066570acee655) Importer(815301076,1909f56bfc062723c751e8b465ee728b)  -> (artifact id: 'fdff0d8db2ac341742dfedc9d11751d7') in 0.060580 seconds
  Import took 0.081425 seconds .

========================================================================
Received Import Request.
  Time since last request: 2.793084 seconds.
  path: Assets/Sprites/MainShip/skin-7-2 1.png
  artifactKey: Guid(ea3785aa7be9e06429f9c9a29011c6f6) Importer(815301076,1909f56bfc062723c751e8b465ee728b)
Start importing Assets/Sprites/MainShip/skin-7-2 1.png using Guid(ea3785aa7be9e06429f9c9a29011c6f6) Importer(815301076,1909f56bfc062723c751e8b465ee728b)  -> (artifact id: '20979c253e47b84a439d1475c663bb61') in 0.028856 seconds
  Import took 0.085526 seconds .

========================================================================
Received Import Request.
  Time since last request: 0.004274 seconds.
  path: Assets/Sprites/MainShip/skin-7-2 1.png
  artifactKey: Guid(ea3785aa7be9e06429f9c9a29011c6f6) Importer(815301076,1909f56bfc062723c751e8b465ee728b)
Start importing Assets/Sprites/MainShip/skin-7-2 1.png using Guid(ea3785aa7be9e06429f9c9a29011c6f6) Importer(815301076,1909f56bfc062723c751e8b465ee728b)  -> (artifact id: '20979c253e47b84a439d1475c663bb61') in 0.027401 seconds
  Import took 0.041575 seconds .

========================================================================
Received Import Request.
  Time since last request: 2.657975 seconds.
  path: Assets/Sprites/MainShip/skin-8-1 1.png
  artifactKey: Guid(95f8f61756cbe2c4b885df9c32617850) Importer(815301076,1909f56bfc062723c751e8b465ee728b)
Start importing Assets/Sprites/MainShip/skin-8-1 1.png using Guid(95f8f61756cbe2c4b885df9c32617850) Importer(815301076,1909f56bfc062723c751e8b465ee728b)  -> (artifact id: 'd440958656fadd77056abb6be6765968') in 0.028885 seconds
  Import took 0.047649 seconds .

========================================================================
Received Import Request.
  Time since last request: 4.396593 seconds.
  path: Assets/Sprites/MainShip/skin-8-2 1.png
  artifactKey: Guid(7627bf4ac20bfc84cb08765fed26b806) Importer(815301076,1909f56bfc062723c751e8b465ee728b)
Start importing Assets/Sprites/MainShip/skin-8-2 1.png using Guid(7627bf4ac20bfc84cb08765fed26b806) Importer(815301076,1909f56bfc062723c751e8b465ee728b)  -> (artifact id: '150298c1b4cef41417b988b1642b42a4') in 0.028825 seconds
  Import took 0.044481 seconds .

AssetImportWorkerClient::OnTransportError - code=2 error=End of file
